<?xml version="1.0" encoding="utf-8"?><testsuites><testsuite name="pytest" errors="0" failures="0" skipped="0" tests="3" time="12.596" timestamp="2024-02-14T14:34:02.183864" hostname="CELSYSBLR000314"><testcase classname="Testing.test_case2.TestHomePageLogin" name="test_case2[inputData0]" time="2.569" /><testcase classname="Testing.test_case2.TestHomePageLogin" name="test_case2[inputData1]" time="0.943" /><testcase classname="Testing.test_e2e.TestOne" name="test_e2e" time="9.024" /></testsuite></testsuites>